[0m12:53:23.832637 [debug] [MainThread]: Sending event: {'category': 'dbt', 'action': 'invocation', 'label': 'start', 'context': [<snowplow_tracker.self_describing_json.SelfDescribingJson object at 0x000001E5B6ED2DE0>, <snowplow_tracker.self_describing_json.SelfDescribingJson object at 0x000001E5B668D670>, <snowplow_tracker.self_describing_json.SelfDescribingJson object at 0x000001E5B668C770>]}


============================== 12:53:23.875643 | 9fd1054a-d0e1-4495-a351-60fa8e351098 ==============================
[0m12:53:23.875643 [info ] [MainThread]: Running with dbt=1.9.4
[0m12:53:23.889926 [debug] [MainThread]: running dbt with arguments {'printer_width': '80', 'indirect_selection': 'eager', 'write_json': 'True', 'log_cache_events': 'False', 'partial_parse': 'True', 'cache_selected_only': 'False', 'warn_error': 'None', 'debug': 'False', 'profiles_dir': 'C:\\Users\\andre\\.dbt', 'log_path': 'logs', 'version_check': 'True', 'fail_fast': 'False', 'use_colors': 'True', 'use_experimental_parser': 'False', 'empty': 'None', 'quiet': 'False', 'no_print': 'None', 'warn_error_options': 'WarnErrorOptions(include=[], exclude=[])', 'introspect': 'True', 'invocation_command': 'dbt init spacex_project', 'static_parser': 'True', 'target_path': 'None', 'log_format': 'default', 'send_anonymous_usage_stats': 'True'}
[0m12:53:24.356831 [warn ] [MainThread]: [ConfigFolderDirectory]: Unable to parse logging event dictionary. Failed to parse dir field: expected string or bytes-like object, got 'WindowsPath'.. Dictionary: {'dir': WindowsPath('C:/Users/andre/.dbt')}
[0m12:53:24.361892 [info ] [MainThread]: Creating dbt configuration folder at 
[0m12:53:24.391706 [debug] [MainThread]: Starter project path: C:\Users\andre\anaconda3\Lib\site-packages\dbt\include\starter_project
[0m12:53:24.450939 [info ] [MainThread]: 
Your new dbt project "spacex_project" was created!

For more information on how to configure the profiles.yml file,
please consult the dbt documentation here:

  https://docs.getdbt.com/docs/configure-your-profile

One more thing:

Need help? Don't hesitate to reach out to us via GitHub issues or on Slack:

  https://community.getdbt.com/

Happy modeling!

[0m12:53:24.450939 [info ] [MainThread]: Setting up your profile.
[0m12:55:36.165717 [info ] [MainThread]: Profile spacex_project written to C:\Users\andre\.dbt\profiles.yml using target's profile_template.yml and your supplied values. Run 'dbt debug' to validate the connection.
[0m12:55:36.168705 [debug] [MainThread]: Command `dbt init` succeeded at 12:55:36.167707 after 133.12 seconds
[0m12:55:36.168705 [debug] [MainThread]: Sending event: {'category': 'dbt', 'action': 'invocation', 'label': 'end', 'context': [<snowplow_tracker.self_describing_json.SelfDescribingJson object at 0x000001E5B6ED2DE0>, <snowplow_tracker.self_describing_json.SelfDescribingJson object at 0x000001E5B98FCE90>, <snowplow_tracker.self_describing_json.SelfDescribingJson object at 0x000001E5B5C1E5A0>]}
[0m12:55:36.169707 [debug] [MainThread]: Flushing usage events
[0m12:55:36.709704 [debug] [MainThread]: An error was encountered while trying to flush usage events
